<?xml version="1.0" encoding="UTF-8"?>
<!-- Generated by org.testng.reporters.JUnitXMLReporter -->
<testsuite ignored="0" hostname="LAPTOP-NNVCEDO0" failures="0" tests="4" name="UI Tests" time="22.891" errors="0" timestamp="2025-11-10T20:40:46 IST">
  <testcase classname="com.quantumleap.tests.ui.LoginTests" name="loginVariations" time="0.926"/>
  <testcase classname="com.quantumleap.tests.ui.LoginTests" name="loginVariations" time="0.468"/>
  <testcase classname="com.quantumleap.tests.ui.LoginTests" name="loginVariations" time="0.417"/>
  <testcase classname="com.quantumleap.tests.ui.LoginTests" name="loginVariations" time="5.384"/>
</testsuite> <!-- UI Tests -->
