<?xml version="1.0" encoding="UTF-8"?>
<testsuite xmlns:xsi="http://www.w3.org/2001/XMLSchema-instance" xsi:noNamespaceSchemaLocation="https://maven.apache.org/surefire/maven-surefire-plugin/xsd/surefire-test-report-3.0.xsd" version="3.0" name="TestSuite" time="23.602" tests="4" errors="0" skipped="0" failures="0">
  <properties>
[...]
</properties>
  <testcase name="loginVariations[standard_user, secret_sauce, true](1)" classname="com.quantumleap.tests.ui.LoginTests" time="0.939">
    <system-out><![CDATA[
@ui @add_to_cart
Scenario: Add backpack to cart                                 &amp#27;[90m# src/test/resources/features/add_to_cart.feature:7&amp#27;[0m
  &amp#27;[32mGiven &amp#27;[0m&amp#27;[32mI am on the Sauce Demo login page&amp#27;[0m                      &amp#27;[90m# com.quantumleap.tests.bdd.steps.AddToCartSteps.i_am_on_login_page()&amp#27;[0m
  &amp#27;[33mWhen &amp#27;[0m&amp#27;[33mI login as "standard_user" with password "secret_sauce"&amp#27;[0m
  &amp#27;[36mAnd &amp#27;[0m&amp#27;[36mI add the Sauce Labs Backpack to the cart&amp#27;[0m                &amp#27;[90m# com.quantumleap.tests.bdd.steps.AddToCartSteps.i_add_backpack()&amp#27;[0m
  &amp#27;[36mThen &amp#27;[0m&amp#27;[36mthe cart badge should show "1"&amp#27;[0m

&amp#27;[33mUndefined scenarios:&amp#27;[0m
file:///C:/Users/LENOVO/Documents/workspace-spring-tools-for-eclipse-4.30.0.RELEASE/quantumleap/src/test/resources/features/add_to_cart.feature:7 # Add backpack to cart

1 Scenarios (&amp#27;[33m1 undefined&amp#27;[0m)
4 Steps (&amp#27;[36m2 skipped&amp#27;[0m, &amp#27;[33m1 undefined&amp#27;[0m, &amp#27;[32m1 passed&amp#27;[0m)
0m0.365s


You can implement missing steps with the snippets below:

@When("I login as {string} with password {string}")
public void i_login_as_with_password(String string, String string2) {
    // Write code here that turns the phrase above into concrete actions
    throw new io.cucumber.java.PendingException();
}

@Then("the cart badge should show {string}")
public void the_cart_badge_should_show(String string) {
    // Write code here that turns the phrase above into concrete actions
    throw new io.cucumber.java.PendingException();
}


]]></system-out>
    <system-err><![CDATA[SLF4J(W): No SLF4J providers were found.
SLF4J(W): Defaulting to no-operation (NOP) logger implementation
SLF4J(W): See https://www.slf4j.org/codes.html#noProviders for further details.
Nov 10, 2025 8:40:25 PM org.openqa.selenium.devtools.CdpVersionFinder findNearestMatch
WARNING: Unable to find CDP implementation matching 142
Nov 10, 2025 8:40:25 PM org.openqa.selenium.chromium.ChromiumDriver lambda$new$5
WARNING: Unable to find version of CDP to use for 142.0.7444.60. You may need to include a dependency on a specific version of the CDP using something similar to `org.seleniumhq.selenium:selenium-devtools-v86:4.24.0` where the version ("v86") matches the version of the chromium-based browser you're using and the version number of the artifact is the same as Selenium's.
]]></system-err>
  </testcase>
  <testcase name="loginVariations[locked_out_user, secret_sauce, false](2)" classname="com.quantumleap.tests.ui.LoginTests" time="0.467">
    <system-err><![CDATA[Nov 10, 2025 8:40:27 PM org.openqa.selenium.devtools.CdpVersionFinder findNearestMatch
WARNING: Unable to find CDP implementation matching 142
Nov 10, 2025 8:40:27 PM org.openqa.selenium.chromium.ChromiumDriver lambda$new$5
WARNING: Unable to find version of CDP to use for 142.0.7444.60. You may need to include a dependency on a specific version of the CDP using something similar to `org.seleniumhq.selenium:selenium-devtools-v86:4.24.0` where the version ("v86") matches the version of the chromium-based browser you're using and the version number of the artifact is the same as Selenium's.
]]></system-err>
  </testcase>
  <testcase name="loginVariations[problem_user, secret_sauce, true](3)" classname="com.quantumleap.tests.ui.LoginTests" time="0.416">
    <system-err><![CDATA[Nov 10, 2025 8:40:29 PM org.openqa.selenium.devtools.CdpVersionFinder findNearestMatch
WARNING: Unable to find CDP implementation matching 142
Nov 10, 2025 8:40:29 PM org.openqa.selenium.chromium.ChromiumDriver lambda$new$5
WARNING: Unable to find version of CDP to use for 142.0.7444.60. You may need to include a dependency on a specific version of the CDP using something similar to `org.seleniumhq.selenium:selenium-devtools-v86:4.24.0` where the version ("v86") matches the version of the chromium-based browser you're using and the version number of the artifact is the same as Selenium's.
]]></system-err>
  </testcase>
  <testcase name="loginVariations[performance_glitch_user, secret_sauce, true](4)" classname="com.quantumleap.tests.ui.LoginTests" time="5.384">
    <system-err><![CDATA[Nov 10, 2025 8:40:31 PM org.openqa.selenium.devtools.CdpVersionFinder findNearestMatch
WARNING: Unable to find CDP implementation matching 142
Nov 10, 2025 8:40:31 PM org.openqa.selenium.chromium.ChromiumDriver lambda$new$5
WARNING: Unable to find version of CDP to use for 142.0.7444.60. You may need to include a dependency on a specific version of the CDP using something similar to `org.seleniumhq.selenium:selenium-devtools-v86:4.24.0` where the version ("v86") matches the version of the chromium-based browser you're using and the version number of the artifact is the same as Selenium's.
]]></system-err>
  </testcase>
</testsuite>